<?xml version="1.0" encoding="UTF-8"?>
<coverage generated="1748556644957" clover="3.2.0">
  <project timestamp="1748556644957" name="All files">
    <metrics statements="40" coveredstatements="36" conditionals="8" coveredconditionals="8" methods="13" coveredmethods="12" elements="61" coveredelements="56" complexity="0" loc="40" ncloc="40" packages="2" files="4" classes="4"/>
    <package name="src">
      <metrics statements="8" coveredstatements="6" conditionals="0" coveredconditionals="0" methods="2" coveredmethods="2"/>
      <file name="App.jsx" path="/workspaces/animation/reacttesting/@latest/src/App.jsx">
        <metrics statements="8" coveredstatements="6" conditionals="0" coveredconditionals="0" methods="2" coveredmethods="2"/>
        <line num="8" count="1" type="stmt"/>
        <line num="9" count="1" type="stmt"/>
        <line num="10" count="1" type="stmt"/>
        <line num="11" count="1" type="stmt"/>
        <line num="12" count="0" type="stmt"/>
        <line num="13" count="0" type="stmt"/>
        <line num="16" count="1" type="stmt"/>
        <line num="18" count="1" type="stmt"/>
      </file>
    </package>
    <package name="src.components">
      <metrics statements="32" coveredstatements="30" conditionals="8" coveredconditionals="8" methods="11" coveredmethods="10"/>
      <file name="apiCall.jsx" path="/workspaces/animation/reacttesting/@latest/src/components/apiCall.jsx">
        <metrics statements="24" coveredstatements="24" conditionals="8" coveredconditionals="8" methods="4" coveredmethods="4"/>
        <line num="3" count="2" type="stmt"/>
        <line num="4" count="15" type="stmt"/>
        <line num="5" count="15" type="stmt"/>
        <line num="6" count="15" type="stmt"/>
        <line num="7" count="15" type="stmt"/>
        <line num="8" count="6" type="stmt"/>
        <line num="9" count="6" type="stmt"/>
        <line num="10" count="6" type="stmt"/>
        <line num="11" count="3" type="stmt"/>
        <line num="12" count="3" type="stmt"/>
        <line num="13" count="3" type="stmt"/>
        <line num="15" count="2" type="stmt"/>
        <line num="16" count="2" type="stmt"/>
        <line num="17" count="2" type="stmt"/>
        <line num="21" count="15" type="stmt"/>
        <line num="22" count="6" type="stmt"/>
        <line num="24" count="15" type="cond" truecount="4" falsecount="0"/>
        <line num="25" count="1" type="stmt"/>
        <line num="29" count="14" type="cond" truecount="2" falsecount="0"/>
        <line num="30" count="5" type="stmt"/>
        <line num="34" count="9" type="cond" truecount="2" falsecount="0"/>
        <line num="35" count="1" type="stmt"/>
        <line num="40" count="8" type="stmt"/>
        <line num="44" count="3" type="stmt"/>
      </file>
      <file name="counter.jsx" path="/workspaces/animation/reacttesting/@latest/src/components/counter.jsx">
        <metrics statements="4" coveredstatements="4" conditionals="0" coveredconditionals="0" methods="5" coveredmethods="5"/>
        <line num="4" count="15" type="stmt"/>
        <line num="6" count="15" type="stmt"/>
        <line num="10" count="6" type="stmt"/>
        <line num="13" count="3" type="stmt"/>
      </file>
      <file name="useApiCall.jsx" path="/workspaces/animation/reacttesting/@latest/src/components/useApiCall.jsx">
        <metrics statements="4" coveredstatements="2" conditionals="0" coveredconditionals="0" methods="2" coveredmethods="1"/>
        <line num="3" count="1" type="stmt"/>
        <line num="4" count="1" type="stmt"/>
        <line num="6" count="0" type="stmt"/>
        <line num="10" count="0" type="stmt"/>
      </file>
    </package>
  </project>
</coverage>
