{"/workspaces/animation/reacttesting/@latest/src/App.jsx": {"path":"/workspaces/animation/reacttesting/@latest/src/App.jsx","statementMap":{"0":{"start":{"line":8,"column":28},"end":{"line":8,"column":39}},"1":{"start":{"line":9,"column":26},"end":{"line":9,"column":38}},"2":{"start":{"line":10,"column":21},"end":{"line":14,"column":5}},"3":{"start":{"line":11,"column":18},"end":{"line":11,"column":60}},"4":{"start":{"line":12,"column":19},"end":{"line":12,"column":35}},"5":{"start":{"line":13,"column":6},"end":{"line":13,"column":18}},"6":{"start":{"line":16,"column":21},"end":{"line":16,"column":32}},"7":{"start":{"line":18,"column":2},"end":{"line":26,"column":3}}},"fnMap":{"0":{"name":"App","decl":{"start":{"line":7,"column":9},"end":{"line":7,"column":12}},"loc":{"start":{"line":7,"column":15},"end":{"line":27,"column":1}},"line":7},"1":{"name":"(anonymous_1)","decl":{"start":{"line":10,"column":21},"end":{"line":10,"column":22}},"loc":{"start":{"line":10,"column":38},"end":{"line":14,"column":5}},"line":10}},"branchMap":{},"s":{"0":1,"1":1,"2":1,"3":1,"4":0,"5":0,"6":1,"7":1},"f":{"0":1,"1":1},"b":{},"_coverageSchema":"1a1c01bbd47fc00a2c39e90264f33305004495a9","hash":"d6b2feb7991b0948cf3a83ffaf6e3ab637990ef0"}
,"/workspaces/animation/reacttesting/@latest/src/components/apiCall.jsx": {"path":"/workspaces/animation/reacttesting/@latest/src/components/apiCall.jsx","statementMap":{"0":{"start":{"line":3,"column":16},"end":{"line":55,"column":1}},"1":{"start":{"line":4,"column":36},"end":{"line":4,"column":50}},"2":{"start":{"line":5,"column":38},"end":{"line":5,"column":53}},"3":{"start":{"line":6,"column":34},"end":{"line":6,"column":49}},"4":{"start":{"line":7,"column":22},"end":{"line":20,"column":5}},"5":{"start":{"line":8,"column":8},"end":{"line":18,"column":9}},"6":{"start":{"line":9,"column":12},"end":{"line":9,"column":30}},"7":{"start":{"line":10,"column":24},"end":{"line":10,"column":66}},"8":{"start":{"line":11,"column":25},"end":{"line":11,"column":41}},"9":{"start":{"line":12,"column":12},"end":{"line":12,"column":36}},"10":{"start":{"line":13,"column":12},"end":{"line":13,"column":31}},"11":{"start":{"line":15,"column":12},"end":{"line":15,"column":26}},"12":{"start":{"line":16,"column":12},"end":{"line":16,"column":31}},"13":{"start":{"line":17,"column":12},"end":{"line":17,"column":28}},"14":{"start":{"line":21,"column":4},"end":{"line":23,"column":9}},"15":{"start":{"line":22,"column":8},"end":{"line":22,"column":19}},"16":{"start":{"line":24,"column":4},"end":{"line":28,"column":6}},"17":{"start":{"line":25,"column":8},"end":{"line":27,"column":9}},"18":{"start":{"line":29,"column":5},"end":{"line":33,"column":6}},"19":{"start":{"line":30,"column":8},"end":{"line":32,"column":9}},"20":{"start":{"line":34,"column":5},"end":{"line":38,"column":6}},"21":{"start":{"line":35,"column":8},"end":{"line":37,"column":9}},"22":{"start":{"line":40,"column":4},"end":{"line":54,"column":5}},"23":{"start":{"line":44,"column":20},"end":{"line":50,"column":21}}},"fnMap":{"0":{"name":"(anonymous_0)","decl":{"start":{"line":3,"column":16},"end":{"line":3,"column":17}},"loc":{"start":{"line":3,"column":21},"end":{"line":55,"column":1}},"line":3},"1":{"name":"(anonymous_1)","decl":{"start":{"line":7,"column":22},"end":{"line":7,"column":23}},"loc":{"start":{"line":7,"column":39},"end":{"line":20,"column":5}},"line":7},"2":{"name":"(anonymous_2)","decl":{"start":{"line":21,"column":14},"end":{"line":21,"column":15}},"loc":{"start":{"line":21,"column":19},"end":{"line":23,"column":5}},"line":21},"3":{"name":"(anonymous_3)","decl":{"start":{"line":43,"column":30},"end":{"line":43,"column":31}},"loc":{"start":{"line":43,"column":37},"end":{"line":51,"column":17}},"line":43}},"branchMap":{"0":{"loc":{"start":{"line":24,"column":4},"end":{"line":28,"column":6}},"type":"if","locations":[{"start":{"line":24,"column":4},"end":{"line":28,"column":6}},{"start":{},"end":{}}],"line":24},"1":{"loc":{"start":{"line":24,"column":7},"end":{"line":24,"column":40}},"type":"binary-expr","locations":[{"start":{"line":24,"column":7},"end":{"line":24,"column":15}},{"start":{"line":24,"column":19},"end":{"line":24,"column":40}}],"line":24},"2":{"loc":{"start":{"line":29,"column":5},"end":{"line":33,"column":6}},"type":"if","locations":[{"start":{"line":29,"column":5},"end":{"line":33,"column":6}},{"start":{},"end":{}}],"line":29},"3":{"loc":{"start":{"line":34,"column":5},"end":{"line":38,"column":6}},"type":"if","locations":[{"start":{"line":34,"column":5},"end":{"line":38,"column":6}},{"start":{},"end":{}}],"line":34}},"s":{"0":2,"1":15,"2":15,"3":15,"4":15,"5":6,"6":6,"7":6,"8":3,"9":3,"10":3,"11":2,"12":2,"13":2,"14":15,"15":6,"16":15,"17":1,"18":14,"19":5,"20":9,"21":1,"22":8,"23":3},"f":{"0":15,"1":6,"2":6,"3":3},"b":{"0":[1,14],"1":[15,3],"2":[5,9],"3":[1,8]},"_coverageSchema":"1a1c01bbd47fc00a2c39e90264f33305004495a9","hash":"6c463e402d4706c555fefd083f4f951ecce9dbfc"}
,"/workspaces/animation/reacttesting/@latest/src/components/counter.jsx": {"path":"/workspaces/animation/reacttesting/@latest/src/components/counter.jsx","statementMap":{"0":{"start":{"line":4,"column":28},"end":{"line":4,"column":39}},"1":{"start":{"line":6,"column":2},"end":{"line":18,"column":3}},"2":{"start":{"line":10,"column":31},"end":{"line":10,"column":61}},"3":{"start":{"line":10,"column":51},"end":{"line":10,"column":60}},"4":{"start":{"line":13,"column":31},"end":{"line":13,"column":61}},"5":{"start":{"line":13,"column":51},"end":{"line":13,"column":60}}},"fnMap":{"0":{"name":"Counter","decl":{"start":{"line":3,"column":9},"end":{"line":3,"column":16}},"loc":{"start":{"line":3,"column":19},"end":{"line":19,"column":1}},"line":3},"1":{"name":"(anonymous_1)","decl":{"start":{"line":10,"column":25},"end":{"line":10,"column":26}},"loc":{"start":{"line":10,"column":31},"end":{"line":10,"column":61}},"line":10},"2":{"name":"(anonymous_2)","decl":{"start":{"line":10,"column":40},"end":{"line":10,"column":41}},"loc":{"start":{"line":10,"column":51},"end":{"line":10,"column":60}},"line":10},"3":{"name":"(anonymous_3)","decl":{"start":{"line":13,"column":25},"end":{"line":13,"column":26}},"loc":{"start":{"line":13,"column":31},"end":{"line":13,"column":61}},"line":13},"4":{"name":"(anonymous_4)","decl":{"start":{"line":13,"column":40},"end":{"line":13,"column":41}},"loc":{"start":{"line":13,"column":51},"end":{"line":13,"column":60}},"line":13}},"branchMap":{},"s":{"0":15,"1":15,"2":6,"3":6,"4":3,"5":3},"f":{"0":15,"1":6,"2":6,"3":3,"4":3},"b":{},"_coverageSchema":"1a1c01bbd47fc00a2c39e90264f33305004495a9","hash":"834925ae504923d898207523255145376e05a68e"}
,"/workspaces/animation/reacttesting/@latest/src/components/useApiCall.jsx": {"path":"/workspaces/animation/reacttesting/@latest/src/components/useApiCall.jsx","statementMap":{"0":{"start":{"line":3,"column":19},"end":{"line":21,"column":1}},"1":{"start":{"line":4,"column":21},"end":{"line":4,"column":30}},"2":{"start":{"line":6,"column":4},"end":{"line":20,"column":5}},"3":{"start":{"line":10,"column":20},"end":{"line":16,"column":21}}},"fnMap":{"0":{"name":"(anonymous_0)","decl":{"start":{"line":3,"column":19},"end":{"line":3,"column":20}},"loc":{"start":{"line":3,"column":30},"end":{"line":21,"column":1}},"line":3},"1":{"name":"(anonymous_1)","decl":{"start":{"line":9,"column":34},"end":{"line":9,"column":35}},"loc":{"start":{"line":9,"column":41},"end":{"line":17,"column":17}},"line":9}},"branchMap":{},"s":{"0":1,"1":1,"2":0,"3":0},"f":{"0":1,"1":0},"b":{},"_coverageSchema":"1a1c01bbd47fc00a2c39e90264f33305004495a9","hash":"27d2f077205b0c91fc2a4b60dbeb80b1c2a54316"}
}
