TN:
SF:src/App.jsx
FN:7,App
FN:10,(anonymous_1)
FNF:2
FNH:2
FNDA:1,App
FNDA:1,(anonymous_1)
DA:8,1
DA:9,1
DA:10,1
DA:11,1
DA:12,0
DA:13,0
DA:16,1
DA:18,1
LF:8
LH:6
BRF:0
BRH:0
end_of_record
TN:
SF:src/components/apiCall.jsx
FN:3,(anonymous_0)
FN:7,(anonymous_1)
FN:21,(anonymous_2)
FN:43,(anonymous_3)
FNF:4
FNH:4
FNDA:15,(anonymous_0)
FNDA:6,(anonymous_1)
FNDA:6,(anonymous_2)
FNDA:3,(anonymous_3)
DA:3,2
DA:4,15
DA:5,15
DA:6,15
DA:7,15
DA:8,6
DA:9,6
DA:10,6
DA:11,3
DA:12,3
DA:13,3
DA:15,2
DA:16,2
DA:17,2
DA:21,15
DA:22,6
DA:24,15
DA:25,1
DA:29,14
DA:30,5
DA:34,9
DA:35,1
DA:40,8
DA:44,3
LF:24
LH:24
BRDA:24,0,0,1
BRDA:24,0,1,14
BRDA:24,1,0,15
BRDA:24,1,1,3
BRDA:29,2,0,5
BRDA:29,2,1,9
BRDA:34,3,0,1
BRDA:34,3,1,8
BRF:8
BRH:8
end_of_record
TN:
SF:src/components/counter.jsx
FN:3,Counter
FN:10,(anonymous_1)
FN:10,(anonymous_2)
FN:13,(anonymous_3)
FN:13,(anonymous_4)
FNF:5
FNH:5
FNDA:15,Counter
FNDA:6,(anonymous_1)
FNDA:6,(anonymous_2)
FNDA:3,(anonymous_3)
FNDA:3,(anonymous_4)
DA:4,15
DA:6,15
DA:10,6
DA:13,3
LF:4
LH:4
BRF:0
BRH:0
end_of_record
TN:
SF:src/components/useApiCall.jsx
FN:3,(anonymous_0)
FN:9,(anonymous_1)
FNF:2
FNH:1
FNDA:1,(anonymous_0)
FNDA:0,(anonymous_1)
DA:3,1
DA:4,1
DA:6,0
DA:10,0
LF:4
LH:2
BRF:0
BRH:0
end_of_record
